# JRE version: OpenJDK Runtime Environment Zulu25.30+17-CA (25.0.1+8) (build 25.0.1+8-LTS)
# Java VM: OpenJDK 64-Bit Server VM Zulu25.30+17-CA (25.0.1+8-LTS, mixed mode, sharing, tiered, compressed oops, compressed class ptrs, g1 gc, bsd-aarch64)
Heap:
 garbage-first heap   total reserved 16777216K, committed 876544K, used 605852K [0x0000007000800000, 0x0000007400800000)
  region size 8192K, 36 young (294912K), 1 survivors (8192K)
GC Heap Usage History (20 events):
Event: 2.062 {heap Before GC invocations=5 (full 0):
 garbage-first heap   total reserved 16777216K, committed 286720K, used 218892K [0x0000007000800000, 0x0000007400800000)
  region size 8192K, 2 young (16384K), 1 survivors (8192K)
}
Event: 2.064 {heap After GC invocations=6 (full 0):
 garbage-first heap   total reserved 16777216K, committed 286720K, used 220381K [0x0000007000800000, 0x0000007400800000)
  region size 8192K, 1 young (8192K), 1 survivors (8192K)
}
Event: 2.079 {heap Before GC invocations=7 (full 0):
 garbage-first heap   total reserved 16777216K, committed 409600K, used 236765K [0x0000007000800000, 0x0000007400800000)
  region size 8192K, 2 young (16384K), 1 survivors (8192K)
}
Event: 2.080 {heap After GC invocations=8 (full 0):
 garbage-first heap   total reserved 16777216K, committed 409600K, used 235948K [0x0000007000800000, 0x0000007400800000)
  region size 8192K, 1 young (8192K), 1 survivors (8192K)
}
Event: 2.145 {heap Before GC invocations=9 (full 0):
 garbage-first heap   total reserved 16777216K, committed 466944K, used 268716K [0x0000007000800000, 0x0000007400800000)
  region size 8192K, 2 young (16384K), 1 survivors (8192K)
}
Event: 2.146 {heap After GC invocations=10 (full 0):
 garbage-first heap   total reserved 16777216K, committed 466944K, used 268752K [0x0000007000800000, 0x0000007400800000)
  region size 8192K, 1 young (8192K), 1 survivors (8192K)
}
Event: 2.187 {heap Before GC invocations=11 (full 0):
 garbage-first heap   total reserved 16777216K, committed 507904K, used 293328K [0x0000007000800000, 0x0000007400800000)
  region size 8192K, 3 young (24576K), 1 survivors (8192K)
}
Event: 2.188 {heap After GC invocations=12 (full 0):
 garbage-first heap   total reserved 16777216K, committed 507904K, used 295641K [0x0000007000800000, 0x0000007400800000)
  region size 8192K, 1 young (8192K), 1 survivors (8192K)
}
Event: 2.221 {heap Before GC invocations=13 (full 0):
 garbage-first heap   total reserved 16777216K, committed 524288K, used 303833K [0x0000007000800000, 0x0000007400800000)
  region size 8192K, 2 young (16384K), 1 survivors (8192K)
}
Event: 2.222 {heap After GC invocations=14 (full 0):
 garbage-first heap   total reserved 16777216K, committed 524288K, used 301893K [0x0000007000800000, 0x0000007400800000)
  region size 8192K, 1 young (8192K), 1 survivors (8192K)
}
Event: 2.266 {heap Before GC invocations=15 (full 0):
 garbage-first heap   total reserved 16777216K, committed 548864K, used 482117K [0x0000007000800000, 0x0000007400800000)
  region size 8192K, 21 young (172032K), 1 survivors (8192K)
}
Event: 2.267 {heap After GC invocations=16 (full 0):
 garbage-first heap   total reserved 16777216K, committed 548864K, used 311818K [0x0000007000800000, 0x0000007400800000)
  region size 8192K, 1 young (8192K), 1 survivors (8192K)
}
Event: 2.287 {heap Before GC invocations=16 (full 0):
 garbage-first heap   total reserved 16777216K, committed 548864K, used 426506K [0x0000007000800000, 0x0000007400800000)
  region size 8192K, 16 young (131072K), 1 survivors (8192K)
}
Event: 2.289 {heap After GC invocations=17 (full 0):
 garbage-first heap   total reserved 16777216K, committed 548864K, used 310585K [0x0000007000800000, 0x0000007400800000)
  region size 8192K, 1 young (8192K), 1 survivors (8192K)
}
Event: 2.353 {heap Before GC invocations=18 (full 0):
 garbage-first heap   total reserved 16777216K, committed 606208K, used 351545K [0x0000007000800000, 0x0000007400800000)
  region size 8192K, 2 young (16384K), 1 survivors (8192K)
}
Event: 2.354 {heap After GC invocations=19 (full 0):
 garbage-first heap   total reserved 16777216K, committed 606208K, used 285945K [0x0000007000800000, 0x0000007400800000)
  region size 8192K, 1 young (8192K), 1 survivors (8192K)
}
Event: 2.369 {heap Before GC invocations=20 (full 0):
 garbage-first heap   total reserved 16777216K, committed 606208K, used 580857K [0x0000007000800000, 0x0000007400800000)
  region size 8192K, 34 young (278528K), 1 survivors (8192K)
}
Event: 2.371 {heap After GC invocations=21 (full 0):
 garbage-first heap   total reserved 16777216K, committed 876544K, used 320838K [0x0000007000800000, 0x0000007400800000)
  region size 8192K, 1 young (8192K), 1 survivors (8192K)
}
Event: 2.404 {heap Before GC invocations=21 (full 0):
 garbage-first heap   total reserved 16777216K, committed 876544K, used 828742K [0x0000007000800000, 0x0000007400800000)
  region size 8192K, 61 young (499712K), 1 survivors (8192K)
}
Event: 2.405 {heap After GC invocations=22 (full 0):
 garbage-first heap   total reserved 16777216K, committed 876544K, used 312782K [0x0000007000800000, 0x0000007400800000)
  region size 8192K, 1 young (8192K), 1 survivors (8192K)
}

